<?xml version="1.0" encoding="UTF-8"?>
<testsuite xmlns:xsi="http://www.w3.org/2001/XMLSchema-instance" xsi:noNamespaceSchemaLocation="https://maven.apache.org/surefire/maven-surefire-plugin/xsd/surefire-test-report.xsd" name="com.example.AppTest" time="0.029" tests="1" errors="0" skipped="0" failures="0">
  <properties>
    <property name="java.specification.version" value="23"/>
    <property name="sun.cpu.isalist" value="amd64"/>
    <property name="sun.jnu.encoding" value="Cp1252"/>
    <property name="java.class.path" value="C:\Users\mridul.saggi\OneDrive - ION\Desktop\MultiRest\MultiRest\demo\target\test-classes;C:\Users\mridul.saggi\OneDrive - ION\Desktop\MultiRest\MultiRest\demo\target\classes;C:\Users\mridul.saggi\.m2\repository\junit\junit\4.11\junit-4.11.jar;C:\Users\mridul.saggi\.m2\repository\org\hamcrest\hamcrest-core\1.3\hamcrest-core-1.3.jar;"/>
    <property name="java.vm.vendor" value="Oracle Corporation"/>
    <property name="sun.arch.data.model" value="64"/>
    <property name="user.variant" value=""/>
    <property name="java.vendor.url" value="https://java.oracle.com/"/>
    <property name="user.timezone" value="Asia/Calcutta"/>
    <property name="os.name" value="Windows 11"/>
    <property name="java.vm.specification.version" value="23"/>
    <property name="sun.java.launcher" value="SUN_STANDARD"/>
    <property name="user.country" value="IN"/>
    <property name="sun.boot.library.path" value="C:\Program Files\Java\jdk-23\bin"/>
    <property name="sun.java.command" value="C:\Users\MRIDUL~1.SAG\AppData\Local\Temp\surefire3570194151461335115\surefirebooter10798382926612304636.jar C:\Users\mridul.saggi\AppData\Local\Temp\surefire3570194151461335115 2025-02-28T14-04-31_111-jvmRun1 surefire29900094022029732tmp surefire_09246063236695060706tmp"/>
    <property name="jdk.debug" value="release"/>
    <property name="surefire.test.class.path" value="C:\Users\mridul.saggi\OneDrive - ION\Desktop\MultiRest\MultiRest\demo\target\test-classes;C:\Users\mridul.saggi\OneDrive - ION\Desktop\MultiRest\MultiRest\demo\target\classes;C:\Users\mridul.saggi\.m2\repository\junit\junit\4.11\junit-4.11.jar;C:\Users\mridul.saggi\.m2\repository\org\hamcrest\hamcrest-core\1.3\hamcrest-core-1.3.jar;"/>
    <property name="sun.cpu.endian" value="little"/>
    <property name="user.home" value="C:\Users\mridul.saggi"/>
    <property name="user.language" value="en"/>
    <property name="java.specification.vendor" value="Oracle Corporation"/>
    <property name="java.version.date" value="2025-01-21"/>
    <property name="java.home" value="C:\Program Files\Java\jdk-23"/>
    <property name="file.separator" value="\"/>
    <property name="basedir" value="C:\Users\mridul.saggi\OneDrive - ION\Desktop\MultiRest\MultiRest\demo"/>
    <property name="java.vm.compressedOopsMode" value="Zero based"/>
    <property name="line.separator" value="&#10;"/>
    <property name="java.vm.specification.vendor" value="Oracle Corporation"/>
    <property name="java.specification.name" value="Java Platform API Specification"/>
    <property name="surefire.real.class.path" value="C:\Users\MRIDUL~1.SAG\AppData\Local\Temp\surefire3570194151461335115\surefirebooter10798382926612304636.jar"/>
    <property name="user.script" value=""/>
    <property name="sun.management.compiler" value="HotSpot 64-Bit Tiered Compilers"/>
    <property name="java.runtime.version" value="23.0.2+7-58"/>
    <property name="user.name" value="mridul.saggi"/>
    <property name="stdout.encoding" value="Cp1252"/>
    <property name="path.separator" value=";"/>
    <property name="os.version" value="10.0"/>
    <property name="java.runtime.name" value="Java(TM) SE Runtime Environment"/>
    <property name="file.encoding" value="UTF-8"/>
    <property name="java.vm.name" value="Java HotSpot(TM) 64-Bit Server VM"/>
    <property name="localRepository" value="C:\Users\mridul.saggi\.m2\repository"/>
    <property name="java.vendor.url.bug" value="https://bugreport.java.com/bugreport/"/>
    <property name="java.io.tmpdir" value="C:\Users\MRIDUL~1.SAG\AppData\Local\Temp\"/>
    <property name="java.version" value="23.0.2"/>
    <property name="user.dir" value="C:\Users\mridul.saggi\OneDrive - ION\Desktop\MultiRest\MultiRest\demo"/>
    <property name="os.arch" value="amd64"/>
    <property name="java.vm.specification.name" value="Java Virtual Machine Specification"/>
    <property name="sun.os.patch.level" value=""/>
    <property name="native.encoding" value="Cp1252"/>
    <property name="java.library.path" value="C:\Program Files\Java\jdk-23\bin;C:\Windows\Sun\Java\bin;C:\Windows\system32;C:\Windows;C:\Program Files\Common Files\Oracle\Java\javapath;C:\Windows\system32;C:\Windows;C:\Windows\System32\Wbem;C:\Windows\System32\WindowsPowerShell\v1.0\;C:\Windows\System32\OpenSSH\;C:\Program Files\dotnet\;C:\Program Files\nodejs\;C:\Users\mridul.saggi\AppData\Local\Programs\Python\Python313\python.exe;C:\Users\mridul.saggi\AppData\Local\Programs\Python\Python313\Scripts\;;C:\Program Files\Docker\Docker\resources\bin;C:\Users\mridul.saggi\AppData\Local\Programs\Python\Python313\Scripts\;C:\Users\mridul.saggi\AppData\Local\Programs\Python\Python313\;C:\Users\mridul.saggi\AppData\Local\Programs\Python\Launcher\;C:\Users\mridul.saggi\AppData\Local\Microsoft\WindowsApps;C:\Users\mridul.saggi\AppData\Local\Programs\Microsoft VS Code\bin;C:\Users\mridul.saggi\AppData\Roaming\npm;C:\Users\mridul.saggi\AppData\Local\Programs\Git\cmd;C:\Users\mridul.saggi\Downloads\apache-maven-3.9.9-bin\apache-maven-3.9.9\bin;;."/>
    <property name="java.vm.info" value="mixed mode, sharing"/>
    <property name="stderr.encoding" value="Cp1252"/>
    <property name="java.vendor" value="Oracle Corporation"/>
    <property name="java.vm.version" value="23.0.2+7-58"/>
    <property name="sun.io.unicode.encoding" value="UnicodeLittle"/>
    <property name="java.class.version" value="67.0"/>
  </properties>
  <testcase name="shouldAnswerWithTrue" classname="com.example.AppTest" time="0.004"/>
</testsuite>